Arguments: 
  C:\Program Files (x86)\nodejs\node.exe C:\Users\AKINLEYE JOSHUA\AppData\Roaming\npm\node_modules\yarn\bin\yarn.js add react-paystack

PATH: 
  C:\Program Files\NVIDIA GPU Computing Toolkit\CUDA\v11.6\bin;C:\Program Files\NVIDIA GPU Computing Toolkit\CUDA\v11.6\libnvvp;;;C:\Program Files (x86)\Common Files\Intel\Shared Libraries\redist\intel64\compiler;C:\Program Files\Common Files\Oracle\Java\javapath;C:\ProgramData\Oracle\Java\javapath;C:\WINDOWS\system32;C:\WINDOWS;C:\WINDOWS\System32\Wbem;C:\WINDOWS\System32\WindowsPowerShell\v1.0\;C:\WINDOWS\System32\OpenSSH\;C:\Program Files\Microsoft VS Code\bin;C:\Program Files\Git\cmd;C:\xampp\php;C:\ProgramData\ComposerSetup\bin;C:\Program Files (x86)\nodejs\;C:\Program Files\NVIDIA Corporation\Nsight Compute 2022.1.1\;C:\Program Files (x86)\NVIDIA Corporation\PhysX\Common;C:\Users\AKINLEYE JOSHUA\AppData\Local\Microsoft\WindowsApps;C:\flutter\bin;C:\Users\AKINLEYE JOSHUA\AppData\Local\Android\Sdk\platform-tools;C:\Users\AKINLEYE JOSHUA\.gradle\wrapper\dists\gradle-6.7-all\cuy9mc7upwgwgeb72wkcrupxe\gradle-6.7\bin;C:\Users\AKINLEYE JOSHUA\Documents\Artifical Intelligence\Deep Learning\OpenCV\Projects\Object Detection for Face Mask\bin;C:\Users\AKINLEYE JOSHUA\AppData\Roaming\Composer\vendor\bin;C:\Users\AKINLEYE JOSHUA\AppData\Local\Android\Sdk\tools\bin;C:\Users\AKINLEYE JOSHUA\miniconda3\Scripts;C:\Users\AKINLEYE JOSHUA\AppData\Roaming\npm;C:\Program Files\Blender Foundation\Blender 3.0\3.0\python\bin\;

Yarn version: 
  1.22.18

Node version: 
  16.13.0

Platform: 
  win32 ia32

Trace: 
  Error: EPERM: operation not permitted, unlink 'C:\Users\AKINLEYE JOSHUA\Desktop\unispace\pc-hack\client\pc-hack\node_modules\esbuild-windows-32\esbuild.exe'

npm manifest: 
  {
    "name": "pc-hack",
    "private": true,
    "version": "0.0.0",
    "scripts": {
      "dev": "vite",
      "build": "tsc && vite build",
      "preview": "vite preview"
    },
    "dependencies": {
      "axios": "^0.26.1",
      "dotenv": "^16.0.0",
      "jwt-decode": "^3.1.2",
      "material-icons": "^1.10.8",
      "react": "^17.0.2",
      "react-dom": "^17.0.2",
      "react-icons": "^4.3.1",
      "react-router": "^6.2.2",
      "react-router-dom": "^6.2.2",
      "router": "^1.3.6",
      "yarn": "^1.22.18"
    },
    "devDependencies": {
      "@types/react": "^17.0.33",
      "@types/react-dom": "^17.0.10",
      "@vitejs/plugin-react": "^1.0.7",
      "typescript": "^4.5.4",
      "vite": "^2.8.0"
    }
  }

yarn manifest: 
  No manifest

Lockfile: 
  No lockfile
